<?xml version="1.0" encoding="UTF-8"?>
<testng-results skipped="0" failed="0" ignored="0" total="2" passed="2">
  <reporter-output>
  </reporter-output>
  <suite name="Suite" duration-ms="51" started-at="2017-12-26T13:43:53Z" finished-at="2017-12-26T13:43:53Z">
    <groups>
    </groups>
    <test name="Test" duration-ms="51" started-at="2017-12-26T13:43:53Z" finished-at="2017-12-26T13:43:53Z">
      <class name="Testscript.Anno2">
        <test-method status="PASS" signature="beforesuit()[pri:0, instance:Testscript.Anno2@62ee68d8]" name="beforesuit" is-config="true" duration-ms="21" started-at="2017-12-26T19:13:53Z" finished-at="2017-12-26T19:13:53Z">
          <reporter-output>
          </reporter-output>
        </test-method> <!-- beforesuit -->
        <test-method status="PASS" signature="beforeTest()[pri:0, instance:Testscript.Anno2@62ee68d8]" name="beforeTest" is-config="true" duration-ms="2" started-at="2017-12-26T19:13:53Z" finished-at="2017-12-26T19:13:53Z">
          <reporter-output>
          </reporter-output>
        </test-method> <!-- beforeTest -->
        <test-method status="PASS" signature="Search()[pri:0, instance:Testscript.Anno2@62ee68d8]" name="Search" duration-ms="2" started-at="2017-12-26T19:13:53Z" finished-at="2017-12-26T19:13:53Z">
          <reporter-output>
          </reporter-output>
        </test-method> <!-- Search -->
        <test-method status="PASS" signature="afterTest()[pri:0, instance:Testscript.Anno2@62ee68d8]" name="afterTest" is-config="true" duration-ms="0" started-at="2017-12-26T19:13:53Z" finished-at="2017-12-26T19:13:53Z">
          <reporter-output>
          </reporter-output>
        </test-method> <!-- afterTest -->
        <test-method status="PASS" signature="aftersuite()[pri:0, instance:Testscript.Anno2@62ee68d8]" name="aftersuite" is-config="true" duration-ms="1" started-at="2017-12-26T19:13:53Z" finished-at="2017-12-26T19:13:53Z">
          <reporter-output>
          </reporter-output>
        </test-method> <!-- aftersuite -->
      </class> <!-- Testscript.Anno2 -->
      <class name="Testscript.Annotation">
        <test-method status="PASS" signature="beforeClass()[pri:0, instance:Testscript.Annotation@735b5592]" name="beforeClass" is-config="true" duration-ms="1" started-at="2017-12-26T19:13:53Z" finished-at="2017-12-26T19:13:53Z">
          <reporter-output>
          </reporter-output>
        </test-method> <!-- beforeClass -->
        <test-method status="PASS" signature="beforeMethod()[pri:0, instance:Testscript.Annotation@735b5592]" name="beforeMethod" is-config="true" duration-ms="1" started-at="2017-12-26T19:13:53Z" finished-at="2017-12-26T19:13:53Z">
          <reporter-output>
          </reporter-output>
        </test-method> <!-- beforeMethod -->
        <test-method status="PASS" signature="login()[pri:0, instance:Testscript.Annotation@735b5592]" name="login" duration-ms="10" started-at="2017-12-26T19:13:53Z" finished-at="2017-12-26T19:13:53Z">
          <reporter-output>
          </reporter-output>
        </test-method> <!-- login -->
        <test-method status="PASS" signature="afteMethod()[pri:0, instance:Testscript.Annotation@735b5592]" name="afteMethod" is-config="true" duration-ms="0" started-at="2017-12-26T19:13:53Z" finished-at="2017-12-26T19:13:53Z">
          <reporter-output>
          </reporter-output>
        </test-method> <!-- afteMethod -->
        <test-method status="PASS" signature="afterClass()[pri:0, instance:Testscript.Annotation@735b5592]" name="afterClass" is-config="true" duration-ms="0" started-at="2017-12-26T19:13:53Z" finished-at="2017-12-26T19:13:53Z">
          <reporter-output>
          </reporter-output>
        </test-method> <!-- afterClass -->
      </class> <!-- Testscript.Annotation -->
    </test> <!-- Test -->
  </suite> <!-- Suite -->
</testng-results>
